  main.cpp
C:\gProj\Cpp\OGRE3DGAME\OGRE3DGAME\include\OGRE\OgreAxisAlignedBox.h(66,17): warning C4251: 'Ogre::AxisAlignedBox::mMinimum': class 'Ogre::Vector<3,Ogre::Real>' needs to have dll-interface to be used by clients of class 'Ogre::AxisAlignedBox'
C:\gProj\Cpp\OGRE3DGAME\OGRE3DGAME\include\OGRE\OgrePrerequisites.h(245,13): message : see declaration of 'Ogre::Vector<3,Ogre::Real>'
C:\gProj\Cpp\OGRE3DGAME\OGRE3DGAME\include\OGRE\OgreAxisAlignedBox.h(67,17): warning C4251: 'Ogre::AxisAlignedBox::mMaximum': class 'Ogre::Vector<3,Ogre::Real>' needs to have dll-interface to be used by clients of class 'Ogre::AxisAlignedBox'
C:\gProj\Cpp\OGRE3DGAME\OGRE3DGAME\include\OGRE\OgrePrerequisites.h(245,13): message : see declaration of 'Ogre::Vector<3,Ogre::Real>'
C:\gProj\Cpp\OGRE3DGAME\OGRE3DGAME\include\OGRE\OgrePlane.h(65,17): warning C4251: 'Ogre::Plane::normal': class 'Ogre::Vector<3,Ogre::Real>' needs to have dll-interface to be used by clients of class 'Ogre::Plane'
C:\gProj\Cpp\OGRE3DGAME\OGRE3DGAME\include\OGRE\OgrePrerequisites.h(245,13): message : see declaration of 'Ogre::Vector<3,Ogre::Real>'
C:\gProj\Cpp\OGRE3DGAME\OGRE3DGAME\include\OGRE\OgreSphere.h(56,17): warning C4251: 'Ogre::Sphere::mCenter': class 'Ogre::Vector<3,Ogre::Real>' needs to have dll-interface to be used by clients of class 'Ogre::Sphere'
C:\gProj\Cpp\OGRE3DGAME\OGRE3DGAME\include\OGRE\OgrePrerequisites.h(245,13): message : see declaration of 'Ogre::Vector<3,Ogre::Real>'
C:\gProj\Cpp\OGRE3DGAME\OGRE3DGAME\include\OGRE\OgreBone.h(140,17): warning C4251: 'Ogre::Bone::mBindDerivedInverseScale': class 'Ogre::Vector<3,Ogre::Real>' needs to have dll-interface to be used by clients of class 'Ogre::Bone'
C:\gProj\Cpp\OGRE3DGAME\OGRE3DGAME\include\OGRE\OgrePrerequisites.h(245,13): message : see declaration of 'Ogre::Vector<3,Ogre::Real>'
C:\gProj\Cpp\OGRE3DGAME\OGRE3DGAME\include\OGRE\OgreBone.h(144,17): warning C4251: 'Ogre::Bone::mBindDerivedInversePosition': class 'Ogre::Vector<3,Ogre::Real>' needs to have dll-interface to be used by clients of class 'Ogre::Bone'
C:\gProj\Cpp\OGRE3DGAME\OGRE3DGAME\include\OGRE\OgrePrerequisites.h(245,13): message : see declaration of 'Ogre::Vector<3,Ogre::Real>'
C:\gProj\Cpp\OGRE3DGAME\OGRE3DGAME\include\OGRE\OgreRay.h(48,17): warning C4251: 'Ogre::Ray::mOrigin': class 'Ogre::Vector<3,Ogre::Real>' needs to have dll-interface to be used by clients of class 'Ogre::Ray'
C:\gProj\Cpp\OGRE3DGAME\OGRE3DGAME\include\OGRE\OgrePrerequisites.h(245,13): message : see declaration of 'Ogre::Vector<3,Ogre::Real>'
C:\gProj\Cpp\OGRE3DGAME\OGRE3DGAME\include\OGRE\OgreRay.h(49,17): warning C4251: 'Ogre::Ray::mDirection': class 'Ogre::Vector<3,Ogre::Real>' needs to have dll-interface to be used by clients of class 'Ogre::Ray'
C:\gProj\Cpp\OGRE3DGAME\OGRE3DGAME\include\OGRE\OgrePrerequisites.h(245,13): message : see declaration of 'Ogre::Vector<3,Ogre::Real>'
C:\gProj\Cpp\OGRE3DGAME\OGRE3DGAME\include\OGRE\OgreAutoParamDataSource.h(74,25): warning C4251: 'Ogre::AutoParamDataSource::mCameraPosition': class 'Ogre::Vector<4,Ogre::Real>' needs to have dll-interface to be used by clients of class 'Ogre::AutoParamDataSource'
C:\gProj\Cpp\OGRE3DGAME\OGRE3DGAME\include\OGRE\OgrePrerequisites.h(248,13): message : see declaration of 'Ogre::Vector<4,Ogre::Real>'
C:\gProj\Cpp\OGRE3DGAME\OGRE3DGAME\include\OGRE\OgreAutoParamDataSource.h(75,25): warning C4251: 'Ogre::AutoParamDataSource::mCameraPositionObjectSpace': class 'Ogre::Vector<4,Ogre::Real>' needs to have dll-interface to be used by clients of class 'Ogre::AutoParamDataSource'
C:\gProj\Cpp\OGRE3DGAME\OGRE3DGAME\include\OGRE\OgrePrerequisites.h(248,13): message : see declaration of 'Ogre::Vector<4,Ogre::Real>'
C:\gProj\Cpp\OGRE3DGAME\OGRE3DGAME\include\OGRE\OgreAutoParamDataSource.h(80,25): warning C4251: 'Ogre::AutoParamDataSource::mShadowCamDepthRanges': class 'Ogre::Vector<4,Ogre::Real>' needs to have dll-interface to be used by clients of class 'Ogre::AutoParamDataSource'
C:\gProj\Cpp\OGRE3DGAME\OGRE3DGAME\include\OGRE\OgrePrerequisites.h(248,13): message : see declaration of 'Ogre::Vector<4,Ogre::Real>'
C:\gProj\Cpp\OGRE3DGAME\OGRE3DGAME\include\OGRE\OgreAutoParamDataSource.h(85,25): warning C4251: 'Ogre::AutoParamDataSource::mLodCameraPosition': class 'Ogre::Vector<4,Ogre::Real>' needs to have dll-interface to be used by clients of class 'Ogre::AutoParamDataSource'
C:\gProj\Cpp\OGRE3DGAME\OGRE3DGAME\include\OGRE\OgrePrerequisites.h(248,13): message : see declaration of 'Ogre::Vector<4,Ogre::Real>'
C:\gProj\Cpp\OGRE3DGAME\OGRE3DGAME\include\OGRE\OgreAutoParamDataSource.h(86,25): warning C4251: 'Ogre::AutoParamDataSource::mLodCameraPositionObjectSpace': class 'Ogre::Vector<4,Ogre::Real>' needs to have dll-interface to be used by clients of class 'Ogre::AutoParamDataSource'
C:\gProj\Cpp\OGRE3DGAME\OGRE3DGAME\include\OGRE\OgrePrerequisites.h(248,13): message : see declaration of 'Ogre::Vector<4,Ogre::Real>'
C:\gProj\Cpp\OGRE3DGAME\OGRE3DGAME\include\OGRE\OgreAutoParamDataSource.h(108,18): warning C4251: 'Ogre::AutoParamDataSource::mFogParams': class 'Ogre::Vector<4,Ogre::Real>' needs to have dll-interface to be used by clients of class 'Ogre::AutoParamDataSource'
C:\gProj\Cpp\OGRE3DGAME\OGRE3DGAME\include\OGRE\OgrePrerequisites.h(248,13): message : see declaration of 'Ogre::Vector<4,Ogre::Real>'
C:\gProj\Cpp\OGRE3DGAME\OGRE3DGAME\include\OGRE\OgreAutoParamDataSource.h(109,18): warning C4251: 'Ogre::AutoParamDataSource::mPointParams': class 'Ogre::Vector<4,Ogre::Real>' needs to have dll-interface to be used by clients of class 'Ogre::AutoParamDataSource'
C:\gProj\Cpp\OGRE3DGAME\OGRE3DGAME\include\OGRE\OgrePrerequisites.h(248,13): message : see declaration of 'Ogre::Vector<4,Ogre::Real>'
C:\gProj\Cpp\OGRE3DGAME\OGRE3DGAME\include\OGRE\OgreAutoParamDataSource.h(111,25): warning C4251: 'Ogre::AutoParamDataSource::mSceneDepthRange': class 'Ogre::Vector<4,Ogre::Real>' needs to have dll-interface to be used by clients of class 'Ogre::AutoParamDataSource'
C:\gProj\Cpp\OGRE3DGAME\OGRE3DGAME\include\OGRE\OgrePrerequisites.h(248,13): message : see declaration of 'Ogre::Vector<4,Ogre::Real>'
C:\gProj\Cpp\OGRE3DGAME\OGRE3DGAME\include\OGRE\OgreAutoParamDataSource.h(119,17): warning C4251: 'Ogre::AutoParamDataSource::mCameraRelativePosition': class 'Ogre::Vector<3,Ogre::Real>' needs to have dll-interface to be used by clients of class 'Ogre::AutoParamDataSource'
C:\gProj\Cpp\OGRE3DGAME\OGRE3DGAME\include\OGRE\OgrePrerequisites.h(245,13): message : see declaration of 'Ogre::Vector<3,Ogre::Real>'
C:\gProj\Cpp\OGRE3DGAME\OGRE3DGAME\include\OGRE\OgreTextureManager.h(421,20): warning C4251: 'Ogre::TextureManager::mWarningTexture': class 'Ogre::SharedPtr<Ogre::Texture>' needs to have dll-interface to be used by clients of class 'Ogre::TextureManager'
C:\gProj\Cpp\OGRE3DGAME\OGRE3DGAME\include\OGRE\OgrePrerequisites.h(292,13): message : see declaration of 'Ogre::SharedPtr<Ogre::Texture>'
C:\gProj\Cpp\OGRE3DGAME\OGRE3DGAME\include\OGRE\OgreTextureManager.h(422,20): warning C4251: 'Ogre::TextureManager::mDefaultSampler': class 'std::shared_ptr<Ogre::Sampler>' needs to have dll-interface to be used by clients of class 'Ogre::TextureManager'
C:\gProj\Cpp\OGRE3DGAME\OGRE3DGAME\include\OGRE\OgreTextureUnitState.h(223,18): message : see declaration of 'std::shared_ptr<Ogre::Sampler>'
C:\gProj\Cpp\OGRE3DGAME\OGRE3DGAME\include\OGRE\OgreTextureManager.h(423,38): warning C4251: 'Ogre::TextureManager::mNamedSamplers': class 'std::map<Ogre::String,Ogre::SamplerPtr,std::less<Ogre::String>,std::allocator<std::pair<const Ogre::String,Ogre::SamplerPtr>>>' needs to have dll-interface to be used by clients of class 'Ogre::TextureManager'
C:\gProj\Cpp\OGRE3DGAME\OGRE3DGAME\include\OGRE\OgreTextureManager.h(423,14): message : see declaration of 'std::map<Ogre::String,Ogre::SamplerPtr,std::less<Ogre::String>,std::allocator<std::pair<const Ogre::String,Ogre::SamplerPtr>>>'
C:\gProj\Cpp\OGRE3DGAME\OGRE3DGAME\include\OGRE\OgreTimer.h(41,47): warning C4251: 'Ogre::Timer::start': class 'std::chrono::time_point<std::chrono::steady_clock,std::chrono::nanoseconds>' needs to have dll-interface to be used by clients of class 'Ogre::Timer'
C:\Program Files\Microsoft Visual Studio\2022\Enterprise\VC\Tools\MSVC\14.34.31933\include\__msvc_chrono.hpp(669,51): message : see declaration of 'std::chrono::time_point<std::chrono::steady_clock,std::chrono::nanoseconds>'
C:\gProj\Cpp\OGRE3DGAME\OGRE3DGAME\include\OGRE\OgreStaticPluginLoader.h(27,36): warning C4251: 'OgreBites::StaticPluginLoader::mPlugins': class 'std::vector<Ogre::Plugin *,std::allocator<Ogre::Plugin *>>' needs to have dll-interface to be used by clients of class 'OgreBites::StaticPluginLoader'
C:\gProj\Cpp\OGRE3DGAME\OGRE3DGAME\include\OGRE\OgreRoot.h(74,22): message : see declaration of 'std::vector<Ogre::Plugin *,std::allocator<Ogre::Plugin *>>'
C:\gProj\Cpp\OGRE3DGAME\OGRE3DGAME\include\OGRE\OgreShaderProgramManager.h(173,25): warning C4251: 'Ogre::RTShader::ProgramManager::mProgramProcessorsMap': class 'std::map<Ogre::String,Ogre::RTShader::ProgramProcessor *,std::less<Ogre::String>,std::allocator<std::pair<const Ogre::String,Ogre::RTShader::ProgramProcessor *>>>' needs to have dll-interface to be used by clients of class 'Ogre::RTShader::ProgramManager'
C:\gProj\Cpp\OGRE3DGAME\OGRE3DGAME\include\OGRE\OgreShaderProgramManager.h(105,18): message : see declaration of 'std::map<Ogre::String,Ogre::RTShader::ProgramProcessor *,std::less<Ogre::String>,std::allocator<std::pair<const Ogre::String,Ogre::RTShader::ProgramProcessor *>>>'
C:\gProj\Cpp\OGRE3DGAME\OGRE3DGAME\include\OGRE\OgreShaderProgramManager.h(175,30): warning C4251: 'Ogre::RTShader::ProgramManager::mProgramWriterFactories': class 'std::vector<Ogre::RTShader::ProgramWriterFactory *,std::allocator<Ogre::RTShader::ProgramWriterFactory *>>' needs to have dll-interface to be used by clients of class 'Ogre::RTShader::ProgramManager'
C:\gProj\Cpp\OGRE3DGAME\OGRE3DGAME\include\OGRE\OgreShaderProgramManager.h(102,18): message : see declaration of 'std::vector<Ogre::RTShader::ProgramWriterFactory *,std::allocator<Ogre::RTShader::ProgramWriterFactory *>>'
C:\gProj\Cpp\OGRE3DGAME\OGRE3DGAME\include\OGRE\OgreShaderProgramManager.h(177,32): warning C4251: 'Ogre::RTShader::ProgramManager::mShaderList': class 'std::vector<Ogre::GpuProgramPtr,std::allocator<Ogre::GpuProgramPtr>>' needs to have dll-interface to be used by clients of class 'Ogre::RTShader::ProgramManager'
C:\gProj\Cpp\OGRE3DGAME\OGRE3DGAME\include\OGRE\OgreShaderProgramManager.h(177,10): message : see declaration of 'std::vector<Ogre::GpuProgramPtr,std::allocator<Ogre::GpuProgramPtr>>'
C:\gProj\Cpp\OGRE3DGAME\OGRE3DGAME\include\OGRE\OgreShaderProgramManager.h(179,26): warning C4251: 'Ogre::RTShader::ProgramManager::mDefaultProgramProcessors': class 'std::vector<Ogre::RTShader::ProgramProcessor *,std::allocator<Ogre::RTShader::ProgramProcessor *>>' needs to have dll-interface to be used by clients of class 'Ogre::RTShader::ProgramManager'
C:\gProj\Cpp\OGRE3DGAME\OGRE3DGAME\include\OGRE\OgreShaderProgramManager.h(108,18): message : see declaration of 'std::vector<Ogre::RTShader::ProgramProcessor *,std::allocator<Ogre::RTShader::ProgramProcessor *>>'
C:\gProj\Cpp\OGRE3DGAME\OGRE3DGAME\include\OGRE\OgreShaderParameter.h(385,12): warning C4251: 'Ogre::RTShader::Parameter::mName': class 'std::basic_string<char,std::char_traits<char>,std::allocator<char>>' needs to have dll-interface to be used by clients of class 'Ogre::RTShader::Parameter'
C:\Program Files\Microsoft Visual Studio\2022\Enterprise\VC\Tools\MSVC\14.34.31933\include\xstring(5294,17): message : see declaration of 'std::basic_string<char,std::char_traits<char>,std::allocator<char>>'
C:\gProj\Cpp\OGRE3DGAME\OGRE3DGAME\include\OGRE\OgreShaderParameter.h(388,12): warning C4251: 'Ogre::RTShader::Parameter::mBindName': class 'std::basic_string<char,std::char_traits<char>,std::allocator<char>>' needs to have dll-interface to be used by clients of class 'Ogre::RTShader::Parameter'
C:\Program Files\Microsoft Visual Studio\2022\Enterprise\VC\Tools\MSVC\14.34.31933\include\xstring(5294,17): message : see declaration of 'std::basic_string<char,std::char_traits<char>,std::allocator<char>>'
C:\gProj\Cpp\OGRE3DGAME\OGRE3DGAME\include\OGRE\OgreShaderParameter.h(460,43): warning C4267: 'return': conversion from 'size_t' to 'Ogre::uint32', possible loss of data
C:\gProj\Cpp\OGRE3DGAME\OGRE3DGAME\include\OGRE\OgreShaderProgramWriter.h(92,29): warning C4251: 'Ogre::RTShader::ProgramWriter::mGpuConstTypeMap': class 'std::map<Ogre::GpuConstantType,const char *,std::less<Ogre::GpuConstantType>,std::allocator<std::pair<const Ogre::GpuConstantType,const char *>>>' needs to have dll-interface to be used by clients of class 'Ogre::RTShader::ProgramWriter'
C:\gProj\Cpp\OGRE3DGAME\OGRE3DGAME\include\OGRE\OgreShaderProgramWriter.h(89,18): message : see declaration of 'std::map<Ogre::GpuConstantType,const char *,std::less<Ogre::GpuConstantType>,std::allocator<std::pair<const Ogre::GpuConstantType,const char *>>>'
C:\gProj\Cpp\OGRE3DGAME\OGRE3DGAME\include\OGRE\OgreShaderProgramWriter.h(94,30): warning C4251: 'Ogre::RTShader::ProgramWriter::mParamSemanticMap': class 'std::map<Ogre::RTShader::Parameter::Semantic,const char *,std::less<Ogre::RTShader::Parameter::Semantic>,std::allocator<std::pair<const Ogre::RTShader::Parameter::Semantic,const char *>>>' needs to have dll-interface to be used by clients of class 'Ogre::RTShader::ProgramWriter'
C:\gProj\Cpp\OGRE3DGAME\OGRE3DGAME\include\OGRE\OgreShaderProgramWriter.h(90,18): message : see declaration of 'std::map<Ogre::RTShader::Parameter::Semantic,const char *,std::less<Ogre::RTShader::Parameter::Semantic>,std::allocator<std::pair<const Ogre::RTShader::Parameter::Semantic,const char *>>>'
C:\gProj\Cpp\OGRE3DGAME\OGRE3DGAME\include\OGRE\OgreShaderSubRenderState.h(184,39): warning C4251: 'Ogre::RTShader::SubRenderState::mThisAccessor': class 'Ogre::SharedPtr<Ogre::RTShader::SubRenderStateAccessor>' needs to have dll-interface to be used by clients of class 'Ogre::RTShader::SubRenderState'
C:\gProj\Cpp\OGRE3DGAME\OGRE3DGAME\include\OGRE\OgreShaderSubRenderState.h(43,9): message : see declaration of 'Ogre::SharedPtr<Ogre::RTShader::SubRenderStateAccessor>'
C:\gProj\Cpp\OGRE3DGAME\OGRE3DGAME\include\OGRE\OgreShaderSubRenderState.h(186,31): warning C4251: 'Ogre::RTShader::SubRenderState::mOtherAccessor': class 'Ogre::SharedPtr<Ogre::RTShader::SubRenderStateAccessor>' needs to have dll-interface to be used by clients of class 'Ogre::RTShader::SubRenderState'
C:\gProj\Cpp\OGRE3DGAME\OGRE3DGAME\include\OGRE\OgreShaderSubRenderState.h(43,9): message : see declaration of 'Ogre::SharedPtr<Ogre::RTShader::SubRenderStateAccessor>'
C:\gProj\Cpp\OGRE3DGAME\OGRE3DGAME\include\OGRE\OgreShaderSubRenderState.h(241,31): warning C4251: 'Ogre::RTShader::SubRenderStateAccessor::mSubRenderStateInstancesSet': class 'std::set<Ogre::RTShader::SubRenderState *,std::less<Ogre::RTShader::SubRenderState *>,std::allocator<Ogre::RTShader::SubRenderState *>>' needs to have dll-interface to be used by clients of class 'Ogre::RTShader::SubRenderStateAccessor'
C:\gProj\Cpp\OGRE3DGAME\OGRE3DGAME\include\OGRE\OgreShaderSubRenderState.h(194,14): message : see declaration of 'std::set<Ogre::RTShader::SubRenderState *,std::less<Ogre::RTShader::SubRenderState *>,std::allocator<Ogre::RTShader::SubRenderState *>>'
C:\gProj\Cpp\OGRE3DGAME\OGRE3DGAME\include\OGRE\OgreShaderSubRenderState.h(346,23): warning C4251: 'Ogre::RTShader::SubRenderStateFactory::mSubRenderStateList': class 'std::set<Ogre::RTShader::SubRenderState *,std::less<Ogre::RTShader::SubRenderState *>,std::allocator<Ogre::RTShader::SubRenderState *>>' needs to have dll-interface to be used by clients of class 'Ogre::RTShader::SubRenderStateFactory'
C:\gProj\Cpp\OGRE3DGAME\OGRE3DGAME\include\OGRE\OgreShaderSubRenderState.h(194,14): message : see declaration of 'std::set<Ogre::RTShader::SubRenderState *,std::less<Ogre::RTShader::SubRenderState *>,std::allocator<Ogre::RTShader::SubRenderState *>>'
C:\gProj\Cpp\OGRE3DGAME\OGRE3DGAME\include\OGRE\OgreShaderProgramSet.h(69,30): warning C4251: 'Ogre::RTShader::ProgramSet::mVSCpuProgram': class 'std::unique_ptr<Ogre::RTShader::Program,std::default_delete<Ogre::RTShader::Program>>' needs to have dll-interface to be used by clients of class 'Ogre::RTShader::ProgramSet'
C:\gProj\Cpp\OGRE3DGAME\OGRE3DGAME\include\OGRE\OgreShaderProgramSet.h(65,29): message : see declaration of 'std::unique_ptr<Ogre::RTShader::Program,std::default_delete<Ogre::RTShader::Program>>'
C:\gProj\Cpp\OGRE3DGAME\OGRE3DGAME\include\OGRE\OgreShaderProgramSet.h(71,30): warning C4251: 'Ogre::RTShader::ProgramSet::mPSCpuProgram': class 'std::unique_ptr<Ogre::RTShader::Program,std::default_delete<Ogre::RTShader::Program>>' needs to have dll-interface to be used by clients of class 'Ogre::RTShader::ProgramSet'
C:\gProj\Cpp\OGRE3DGAME\OGRE3DGAME\include\OGRE\OgreShaderProgramSet.h(65,29): message : see declaration of 'std::unique_ptr<Ogre::RTShader::Program,std::default_delete<Ogre::RTShader::Program>>'
C:\gProj\Cpp\OGRE3DGAME\OGRE3DGAME\include\OGRE\OgreShaderProgramSet.h(73,19): warning C4251: 'Ogre::RTShader::ProgramSet::mVSGpuProgram': class 'Ogre::SharedPtr<Ogre::GpuProgram>' needs to have dll-interface to be used by clients of class 'Ogre::RTShader::ProgramSet'
C:\gProj\Cpp\OGRE3DGAME\OGRE3DGAME\include\OGRE\OgrePrerequisites.h(275,13): message : see declaration of 'Ogre::SharedPtr<Ogre::GpuProgram>'
C:\gProj\Cpp\OGRE3DGAME\OGRE3DGAME\include\OGRE\OgreShaderProgramSet.h(75,19): warning C4251: 'Ogre::RTShader::ProgramSet::mPSGpuProgram': class 'Ogre::SharedPtr<Ogre::GpuProgram>' needs to have dll-interface to be used by clients of class 'Ogre::RTShader::ProgramSet'
C:\gProj\Cpp\OGRE3DGAME\OGRE3DGAME\include\OGRE\OgrePrerequisites.h(275,13): message : see declaration of 'Ogre::SharedPtr<Ogre::GpuProgram>'
C:\gProj\Cpp\OGRE3DGAME\OGRE3DGAME\include\OGRE\OgreShaderRenderState.h(123,24): warning C4251: 'Ogre::RTShader::RenderState::mSubRenderStateList': class 'std::vector<Ogre::RTShader::SubRenderState *,std::allocator<Ogre::RTShader::SubRenderState *>>' needs to have dll-interface to be used by clients of class 'Ogre::RTShader::RenderState'
C:\gProj\Cpp\OGRE3DGAME\OGRE3DGAME\include\OGRE\OgreShaderSubRenderState.h(190,14): message : see declaration of 'std::vector<Ogre::RTShader::SubRenderState *,std::allocator<Ogre::RTShader::SubRenderState *>>'
C:\gProj\Cpp\OGRE3DGAME\OGRE3DGAME\include\OGRE\OgreShaderRenderState.h(125,14): warning C4251: 'Ogre::RTShader::RenderState::mLightCount': class 'Ogre::Vector<3,int>' needs to have dll-interface to be used by clients of class 'Ogre::RTShader::RenderState'
C:\gProj\Cpp\OGRE3DGAME\OGRE3DGAME\include\OGRE\OgrePrerequisites.h(247,13): message : see declaration of 'Ogre::Vector<3,int>'
C:\gProj\Cpp\OGRE3DGAME\OGRE3DGAME\include\OGRE\OgreShaderRenderState.h(206,33): warning C4251: 'Ogre::RTShader::TargetRenderState::mProgramSet': class 'std::unique_ptr<Ogre::RTShader::ProgramSet,std::default_delete<Ogre::RTShader::ProgramSet>>' needs to have dll-interface to be used by clients of class 'Ogre::RTShader::TargetRenderState'
C:\gProj\Cpp\OGRE3DGAME\OGRE3DGAME\include\OGRE\OgreShaderRenderState.h(206,10): message : see declaration of 'std::unique_ptr<Ogre::RTShader::ProgramSet,std::default_delete<Ogre::RTShader::ProgramSet>>'
C:\gProj\Cpp\OGRE3DGAME\OGRE3DGAME\include\OGRE\OgreShaderGenerator.h(444,19): warning C4251: 'Ogre::RTShader::ShaderGenerator::DEFAULT_SCHEME_NAME': class 'std::basic_string<char,std::char_traits<char>,std::allocator<char>>' needs to have dll-interface to be used by clients of class 'Ogre::RTShader::ShaderGenerator'
C:\Program Files\Microsoft Visual Studio\2022\Enterprise\VC\Tools\MSVC\14.34.31933\include\xstring(5294,17): message : see declaration of 'std::basic_string<char,std::char_traits<char>,std::allocator<char>>'
C:\gProj\Cpp\OGRE3DGAME\OGRE3DGAME\include\OGRE\OgreShaderGenerator.h(582,23): warning C4251: 'Ogre::RTShader::ShaderGenerator::SGTechnique::UserKey': class 'std::basic_string<char,std::char_traits<char>,std::allocator<char>>' needs to have dll-interface to be used by clients of class 'Ogre::RTShader::ShaderGenerator::SGTechnique'
C:\Program Files\Microsoft Visual Studio\2022\Enterprise\VC\Tools\MSVC\14.34.31933\include\xstring(5294,17): message : see declaration of 'std::basic_string<char,std::char_traits<char>,std::allocator<char>>'
C:\gProj\Cpp\OGRE3DGAME\OGRE3DGAME\include\OGRE\OgreShaderGenerator.h(605,20): warning C4251: 'Ogre::RTShader::ShaderGenerator::SGTechnique::mPassEntries': class 'std::vector<Ogre::RTShader::ShaderGenerator::SGPass *,std::allocator<Ogre::RTShader::ShaderGenerator::SGPass *>>' needs to have dll-interface to be used by clients of class 'Ogre::RTShader::ShaderGenerator::SGTechnique'
C:\gProj\Cpp\OGRE3DGAME\OGRE3DGAME\include\OGRE\OgreShaderGenerator.h(463,18): message : see declaration of 'std::vector<Ogre::RTShader::ShaderGenerator::SGPass *,std::allocator<Ogre::RTShader::ShaderGenerator::SGPass *>>'
C:\gProj\Cpp\OGRE3DGAME\OGRE3DGAME\include\OGRE\OgreShaderGenerator.h(608,25): warning C4251: 'Ogre::RTShader::ShaderGenerator::SGTechnique::mCustomRenderStates': class 'std::vector<Ogre::RTShader::RenderState *,std::allocator<Ogre::RTShader::RenderState *>>' needs to have dll-interface to be used by clients of class 'Ogre::RTShader::ShaderGenerator::SGTechnique'
C:\gProj\Cpp\OGRE3DGAME\OGRE3DGAME\include\OGRE\OgreShaderGenerator.h(607,22): message : see declaration of 'std::vector<Ogre::RTShader::RenderState *,std::allocator<Ogre::RTShader::RenderState *>>'
C:\gProj\Cpp\OGRE3DGAME\OGRE3DGAME\include\OGRE\OgreShaderGenerator.h(612,16): warning C4251: 'Ogre::RTShader::ShaderGenerator::SGTechnique::mDstTechniqueSchemeName': class 'std::basic_string<char,std::char_traits<char>,std::allocator<char>>' needs to have dll-interface to be used by clients of class 'Ogre::RTShader::ShaderGenerator::SGTechnique'
C:\Program Files\Microsoft Visual Studio\2022\Enterprise\VC\Tools\MSVC\14.34.31933\include\xstring(5294,17): message : see declaration of 'std::basic_string<char,std::char_traits<char>,std::allocator<char>>'
C:\gProj\Cpp\OGRE3DGAME\OGRE3DGAME\include\OGRE\OgreShaderGenerator.h(640,16): warning C4251: 'Ogre::RTShader::ShaderGenerator::SGMaterial::mName': class 'std::basic_string<char,std::char_traits<char>,std::allocator<char>>' needs to have dll-interface to be used by clients of class 'Ogre::RTShader::ShaderGenerator::SGMaterial'
C:\Program Files\Microsoft Visual Studio\2022\Enterprise\VC\Tools\MSVC\14.34.31933\include\xstring(5294,17): message : see declaration of 'std::basic_string<char,std::char_traits<char>,std::allocator<char>>'
C:\gProj\Cpp\OGRE3DGAME\OGRE3DGAME\include\OGRE\OgreShaderGenerator.h(642,16): warning C4251: 'Ogre::RTShader::ShaderGenerator::SGMaterial::mGroup': class 'std::basic_string<char,std::char_traits<char>,std::allocator<char>>' needs to have dll-interface to be used by clients of class 'Ogre::RTShader::ShaderGenerator::SGMaterial'
C:\Program Files\Microsoft Visual Studio\2022\Enterprise\VC\Tools\MSVC\14.34.31933\include\xstring(5294,17): message : see declaration of 'std::basic_string<char,std::char_traits<char>,std::allocator<char>>'
C:\gProj\Cpp\OGRE3DGAME\OGRE3DGAME\include\OGRE\OgreShaderGenerator.h(644,25): warning C4251: 'Ogre::RTShader::ShaderGenerator::SGMaterial::mTechniqueEntries': class 'std::vector<Ogre::RTShader::ShaderGenerator::SGTechnique *,std::allocator<Ogre::RTShader::ShaderGenerator::SGTechnique *>>' needs to have dll-interface to be used by clients of class 'Ogre::RTShader::ShaderGenerator::SGMaterial'
C:\gProj\Cpp\OGRE3DGAME\OGRE3DGAME\include\OGRE\OgreShaderGenerator.h(467,18): message : see declaration of 'std::vector<Ogre::RTShader::ShaderGenerator::SGTechnique *,std::allocator<Ogre::RTShader::ShaderGenerator::SGTechnique *>>'
C:\gProj\Cpp\OGRE3DGAME\OGRE3DGAME\include\OGRE\OgreShaderGenerator.h(717,16): warning C4251: 'Ogre::RTShader::ShaderGenerator::SGScheme::mName': class 'std::basic_string<char,std::char_traits<char>,std::allocator<char>>' needs to have dll-interface to be used by clients of class 'Ogre::RTShader::ShaderGenerator::SGScheme'
C:\Program Files\Microsoft Visual Studio\2022\Enterprise\VC\Tools\MSVC\14.34.31933\include\xstring(5294,17): message : see declaration of 'std::basic_string<char,std::char_traits<char>,std::allocator<char>>'
C:\gProj\Cpp\OGRE3DGAME\OGRE3DGAME\include\OGRE\OgreShaderGenerator.h(719,25): warning C4251: 'Ogre::RTShader::ShaderGenerator::SGScheme::mTechniqueEntries': class 'std::vector<Ogre::RTShader::ShaderGenerator::SGTechnique *,std::allocator<Ogre::RTShader::ShaderGenerator::SGTechnique *>>' needs to have dll-interface to be used by clients of class 'Ogre::RTShader::ShaderGenerator::SGScheme'
C:\gProj\Cpp\OGRE3DGAME\OGRE3DGAME\include\OGRE\OgreShaderGenerator.h(467,18): message : see declaration of 'std::vector<Ogre::RTShader::ShaderGenerator::SGTechnique *,std::allocator<Ogre::RTShader::ShaderGenerator::SGTechnique *>>'
C:\gProj\Cpp\OGRE3DGAME\OGRE3DGAME\include\OGRE\OgreShaderGenerator.h(723,38): warning C4251: 'Ogre::RTShader::ShaderGenerator::SGScheme::mRenderState': class 'std::unique_ptr<Ogre::RTShader::RenderState,std::default_delete<Ogre::RTShader::RenderState>>' needs to have dll-interface to be used by clients of class 'Ogre::RTShader::ShaderGenerator::SGScheme'
C:\gProj\Cpp\OGRE3DGAME\OGRE3DGAME\include\OGRE\OgreShaderGenerator.h(723,14): message : see declaration of 'std::unique_ptr<Ogre::RTShader::RenderState,std::default_delete<Ogre::RTShader::RenderState>>'
C:\gProj\Cpp\OGRE3DGAME\OGRE3DGAME\include\OGRE\OgreShaderGenerator.h(830,21): warning C4251: 'Ogre::RTShader::ShaderGenerator::mSceneManagerMap': class 'std::set<Ogre::SceneManager *,std::less<Ogre::SceneManager *>,std::allocator<Ogre::SceneManager *>>' needs to have dll-interface to be used by clients of class 'Ogre::RTShader::ShaderGenerator'
C:\gProj\Cpp\OGRE3DGAME\OGRE3DGAME\include\OGRE\OgreShaderGenerator.h(734,18): message : see declaration of 'std::set<Ogre::SceneManager *,std::less<Ogre::SceneManager *>,std::allocator<Ogre::SceneManager *>>'
C:\gProj\Cpp\OGRE3DGAME\OGRE3DGAME\include\OGRE\OgreShaderGenerator.h(832,45): warning C4251: 'Ogre::RTShader::ShaderGenerator::mRenderObjectListener': class 'std::unique_ptr<Ogre::RTShader::SGRenderObjectListener,std::default_delete<Ogre::RTShader::SGRenderObjectListener>>' needs to have dll-interface to be used by clients of class 'Ogre::RTShader::ShaderGenerator'
C:\gProj\Cpp\OGRE3DGAME\OGRE3DGAME\include\OGRE\OgreShaderGenerator.h(832,10): message : see declaration of 'std::unique_ptr<Ogre::RTShader::SGRenderObjectListener,std::default_delete<Ogre::RTShader::SGRenderObjectListener>>'
C:\gProj\Cpp\OGRE3DGAME\OGRE3DGAME\include\OGRE\OgreShaderGenerator.h(834,45): warning C4251: 'Ogre::RTShader::ShaderGenerator::mSceneManagerListener': class 'std::unique_ptr<Ogre::RTShader::SGSceneManagerListener,std::default_delete<Ogre::RTShader::SGSceneManagerListener>>' needs to have dll-interface to be used by clients of class 'Ogre::RTShader::ShaderGenerator'
C:\gProj\Cpp\OGRE3DGAME\OGRE3DGAME\include\OGRE\OgreShaderGenerator.h(834,10): message : see declaration of 'std::unique_ptr<Ogre::RTShader::SGSceneManagerListener,std::default_delete<Ogre::RTShader::SGSceneManagerListener>>'
C:\gProj\Cpp\OGRE3DGAME\OGRE3DGAME\include\OGRE\OgreShaderGenerator.h(836,48): warning C4251: 'Ogre::RTShader::ShaderGenerator::mScriptTranslatorManager': class 'std::unique_ptr<Ogre::RTShader::SGScriptTranslatorManager,std::default_delete<Ogre::RTShader::SGScriptTranslatorManager>>' needs to have dll-interface to be used by clients of class 'Ogre::RTShader::ShaderGenerator'
C:\gProj\Cpp\OGRE3DGAME\OGRE3DGAME\include\OGRE\OgreShaderGenerator.h(836,10): message : see declaration of 'std::unique_ptr<Ogre::RTShader::SGScriptTranslatorManager,std::default_delete<Ogre::RTShader::SGScriptTranslatorManager>>'
C:\gProj\Cpp\OGRE3DGAME\OGRE3DGAME\include\OGRE\OgreShaderGenerator.h(838,51): warning C4251: 'Ogre::RTShader::ShaderGenerator::mMaterialSerializerListener': class 'std::unique_ptr<Ogre::RTShader::SGMaterialSerializerListener,std::default_delete<Ogre::RTShader::SGMaterialSerializerListener>>' needs to have dll-interface to be used by clients of class 'Ogre::RTShader::ShaderGenerator'
C:\gProj\Cpp\OGRE3DGAME\OGRE3DGAME\include\OGRE\OgreShaderGenerator.h(838,10): message : see declaration of 'std::unique_ptr<Ogre::RTShader::SGMaterialSerializerListener,std::default_delete<Ogre::RTShader::SGMaterialSerializerListener>>'
C:\gProj\Cpp\OGRE3DGAME\OGRE3DGAME\include\OGRE\OgreShaderGenerator.h(840,46): warning C4251: 'Ogre::RTShader::ShaderGenerator::mResourceGroupListener': class 'std::unique_ptr<Ogre::RTShader::SGResourceGroupListener,std::default_delete<Ogre::RTShader::SGResourceGroupListener>>' needs to have dll-interface to be used by clients of class 'Ogre::RTShader::ShaderGenerator'
C:\gProj\Cpp\OGRE3DGAME\OGRE3DGAME\include\OGRE\OgreShaderGenerator.h(840,10): message : see declaration of 'std::unique_ptr<Ogre::RTShader::SGResourceGroupListener,std::default_delete<Ogre::RTShader::SGResourceGroupListener>>'
C:\gProj\Cpp\OGRE3DGAME\OGRE3DGAME\include\OGRE\OgreShaderGenerator.h(844,12): warning C4251: 'Ogre::RTShader::ShaderGenerator::mShaderLanguage': class 'std::basic_string<char,std::char_traits<char>,std::allocator<char>>' needs to have dll-interface to be used by clients of class 'Ogre::RTShader::ShaderGenerator'
C:\Program Files\Microsoft Visual Studio\2022\Enterprise\VC\Tools\MSVC\14.34.31933\include\xstring(5294,17): message : see declaration of 'std::basic_string<char,std::char_traits<char>,std::allocator<char>>'
C:\gProj\Cpp\OGRE3DGAME\OGRE3DGAME\include\OGRE\OgreShaderGenerator.h(846,12): warning C4251: 'Ogre::RTShader::ShaderGenerator::mVertexShaderProfiles': class 'std::basic_string<char,std::char_traits<char>,std::allocator<char>>' needs to have dll-interface to be used by clients of class 'Ogre::RTShader::ShaderGenerator'
C:\Program Files\Microsoft Visual Studio\2022\Enterprise\VC\Tools\MSVC\14.34.31933\include\xstring(5294,17): message : see declaration of 'std::basic_string<char,std::char_traits<char>,std::allocator<char>>'
C:\gProj\Cpp\OGRE3DGAME\OGRE3DGAME\include\OGRE\OgreShaderGenerator.h(848,12): warning C4251: 'Ogre::RTShader::ShaderGenerator::mFragmentShaderProfiles': class 'std::basic_string<char,std::char_traits<char>,std::allocator<char>>' needs to have dll-interface to be used by clients of class 'Ogre::RTShader::ShaderGenerator'
C:\Program Files\Microsoft Visual Studio\2022\Enterprise\VC\Tools\MSVC\14.34.31933\include\xstring(5294,17): message : see declaration of 'std::basic_string<char,std::char_traits<char>,std::allocator<char>>'
C:\gProj\Cpp\OGRE3DGAME\OGRE3DGAME\include\OGRE\OgreShaderGenerator.h(850,12): warning C4251: 'Ogre::RTShader::ShaderGenerator::mShaderCachePath': class 'std::basic_string<char,std::char_traits<char>,std::allocator<char>>' needs to have dll-interface to be used by clients of class 'Ogre::RTShader::ShaderGenerator'
C:\Program Files\Microsoft Visual Studio\2022\Enterprise\VC\Tools\MSVC\14.34.31933\include\xstring(5294,17): message : see declaration of 'std::basic_string<char,std::char_traits<char>,std::allocator<char>>'
C:\gProj\Cpp\OGRE3DGAME\OGRE3DGAME\include\OGRE\OgreShaderGenerator.h(852,37): warning C4251: 'Ogre::RTShader::ShaderGenerator::mProgramManager': class 'std::unique_ptr<Ogre::RTShader::ProgramManager,std::default_delete<Ogre::RTShader::ProgramManager>>' needs to have dll-interface to be used by clients of class 'Ogre::RTShader::ShaderGenerator'
C:\gProj\Cpp\OGRE3DGAME\OGRE3DGAME\include\OGRE\OgreShaderGenerator.h(852,10): message : see declaration of 'std::unique_ptr<Ogre::RTShader::ProgramManager,std::default_delete<Ogre::RTShader::ProgramManager>>'
C:\gProj\Cpp\OGRE3DGAME\OGRE3DGAME\include\OGRE\OgreShaderGenerator.h(854,43): warning C4251: 'Ogre::RTShader::ShaderGenerator::mProgramWriterManager': class 'std::unique_ptr<Ogre::RTShader::ProgramWriterManager,std::default_delete<Ogre::RTShader::ProgramWriterManager>>' needs to have dll-interface to be used by clients of class 'Ogre::RTShader::ShaderGenerator'
C:\gProj\Cpp\OGRE3DGAME\OGRE3DGAME\include\OGRE\OgreShaderGenerator.h(854,10): message : see declaration of 'std::unique_ptr<Ogre::RTShader::ProgramWriterManager,std::default_delete<Ogre::RTShader::ProgramWriterManager>>'
C:\gProj\Cpp\OGRE3DGAME\OGRE3DGAME\include\OGRE\OgreShaderGenerator.h(858,19): warning C4251: 'Ogre::RTShader::ShaderGenerator::mMaterialEntriesMap': class 'std::map<Ogre::RTShader::ShaderGenerator::MatGroupPair,Ogre::RTShader::ShaderGenerator::SGMaterial *,Ogre::RTShader::ShaderGenerator::MatGroupPair_less,std::allocator<std::pair<const Ogre::RTShader::ShaderGenerator::MatGroupPair,Ogre::RTShader::ShaderGenerator::SGMaterial *>>>' needs to have dll-interface to be used by clients of class 'Ogre::RTShader::ShaderGenerator'
C:\gProj\Cpp\OGRE3DGAME\OGRE3DGAME\include\OGRE\OgreShaderGenerator.h(474,18): message : see declaration of 'std::map<Ogre::RTShader::ShaderGenerator::MatGroupPair,Ogre::RTShader::ShaderGenerator::SGMaterial *,Ogre::RTShader::ShaderGenerator::MatGroupPair_less,std::allocator<std::pair<const Ogre::RTShader::ShaderGenerator::MatGroupPair,Ogre::RTShader::ShaderGenerator::SGMaterial *>>>'
C:\gProj\Cpp\OGRE3DGAME\OGRE3DGAME\include\OGRE\OgreShaderGenerator.h(860,17): warning C4251: 'Ogre::RTShader::ShaderGenerator::mSchemeEntriesMap': class 'std::map<Ogre::String,Ogre::RTShader::ShaderGenerator::SGScheme *,std::less<Ogre::String>,std::allocator<std::pair<const Ogre::String,Ogre::RTShader::ShaderGenerator::SGScheme *>>>' needs to have dll-interface to be used by clients of class 'Ogre::RTShader::ShaderGenerator'
C:\gProj\Cpp\OGRE3DGAME\OGRE3DGAME\include\OGRE\OgreShaderGenerator.h(478,18): message : see declaration of 'std::map<Ogre::String,Ogre::RTShader::ShaderGenerator::SGScheme *,std::less<Ogre::String>,std::allocator<std::pair<const Ogre::String,Ogre::RTShader::ShaderGenerator::SGScheme *>>>'
C:\gProj\Cpp\OGRE3DGAME\OGRE3DGAME\include\OGRE\OgreShaderGenerator.h(862,20): warning C4251: 'Ogre::RTShader::ShaderGenerator::mTechniqueEntriesMap': class 'std::map<Ogre::RTShader::ShaderGenerator::SGTechnique *,Ogre::RTShader::ShaderGenerator::SGTechnique *,std::less<Ogre::RTShader::ShaderGenerator::SGTechnique *>,std::allocator<std::pair<Ogre::RTShader::ShaderGenerator::SGTechnique *const ,Ogre::RTShader::ShaderGenerator::SGTechnique *>>>' needs to have dll-interface to be used by clients of class 'Ogre::RTShader::ShaderGenerator'
C:\gProj\Cpp\OGRE3DGAME\OGRE3DGAME\include\OGRE\OgreShaderGenerator.h(471,18): message : see declaration of 'std::map<Ogre::RTShader::ShaderGenerator::SGTechnique *,Ogre::RTShader::ShaderGenerator::SGTechnique *,std::less<Ogre::RTShader::ShaderGenerator::SGTechnique *>,std::allocator<std::pair<Ogre::RTShader::ShaderGenerator::SGTechnique *const ,Ogre::RTShader::ShaderGenerator::SGTechnique *>>>'
C:\gProj\Cpp\OGRE3DGAME\OGRE3DGAME\include\OGRE\OgreShaderGenerator.h(864,30): warning C4251: 'Ogre::RTShader::ShaderGenerator::mSubRenderStateFactories': class 'std::map<Ogre::String,Ogre::RTShader::SubRenderStateFactory *,std::less<Ogre::String>,std::allocator<std::pair<const Ogre::String,Ogre::RTShader::SubRenderStateFactory *>>>' needs to have dll-interface to be used by clients of class 'Ogre::RTShader::ShaderGenerator'
C:\gProj\Cpp\OGRE3DGAME\OGRE3DGAME\include\OGRE\OgreShaderGenerator.h(729,18): message : see declaration of 'std::map<Ogre::String,Ogre::RTShader::SubRenderStateFactory *,std::less<Ogre::String>,std::allocator<std::pair<const Ogre::String,Ogre::RTShader::SubRenderStateFactory *>>>'
C:\gProj\Cpp\OGRE3DGAME\OGRE3DGAME\include\OGRE\OgreShaderGenerator.h(866,41): warning C4251: 'Ogre::RTShader::ShaderGenerator::mBuiltinSRSFactories': class 'std::vector<Ogre::RTShader::SubRenderStateFactory *,std::allocator<Ogre::RTShader::SubRenderStateFactory *>>' needs to have dll-interface to be used by clients of class 'Ogre::RTShader::ShaderGenerator'
C:\gProj\Cpp\OGRE3DGAME\OGRE3DGAME\include\OGRE\OgreShaderGenerator.h(866,10): message : see declaration of 'std::vector<Ogre::RTShader::SubRenderStateFactory *,std::allocator<Ogre::RTShader::SubRenderStateFactory *>>'
C:\gProj\Cpp\OGRE3DGAME\OGRE3DGAME\include\OGRE\OgreShaderFunctionAtom.h(145,18): warning C4251: 'Ogre::RTShader::Operand::mParameter': class 'std::shared_ptr<Ogre::RTShader::Parameter>' needs to have dll-interface to be used by clients of class 'Ogre::RTShader::Operand'
C:\gProj\Cpp\OGRE3DGAME\OGRE3DGAME\include\OGRE\OgreShaderPrerequisites.h(75,9): message : see declaration of 'std::shared_ptr<Ogre::RTShader::Parameter>'
C:\gProj\Cpp\OGRE3DGAME\OGRE3DGAME\include\OGRE\OgreShaderFunctionAtom.h(226,19): warning C4251: 'Ogre::RTShader::FunctionAtom::mOperands': class 'std::vector<Ogre::RTShader::Operand,std::allocator<Ogre::RTShader::Operand>>' needs to have dll-interface to be used by clients of class 'Ogre::RTShader::FunctionAtom'
C:\gProj\Cpp\OGRE3DGAME\OGRE3DGAME\include\OGRE\OgreShaderFunctionAtom.h(193,18): message : see declaration of 'std::vector<Ogre::RTShader::Operand,std::allocator<Ogre::RTShader::Operand>>'
C:\gProj\Cpp\OGRE3DGAME\OGRE3DGAME\include\OGRE\OgreShaderFunctionAtom.h(227,12): warning C4251: 'Ogre::RTShader::FunctionAtom::mFunctionName': class 'std::basic_string<char,std::char_traits<char>,std::allocator<char>>' needs to have dll-interface to be used by clients of class 'Ogre::RTShader::FunctionAtom'
C:\Program Files\Microsoft Visual Studio\2022\Enterprise\VC\Tools\MSVC\14.34.31933\include\xstring(5294,17): message : see declaration of 'std::basic_string<char,std::char_traits<char>,std::allocator<char>>'
C:\gProj\Cpp\OGRE3DGAME\OGRE3DGAME\include\OGRE\OgreShaderFunctionAtom.h(285,12): warning C4251: 'Ogre::RTShader::FunctionInvocation::mReturnType': class 'std::basic_string<char,std::char_traits<char>,std::allocator<char>>' needs to have dll-interface to be used by clients of class 'Ogre::RTShader::FunctionInvocation'
C:\Program Files\Microsoft Visual Studio\2022\Enterprise\VC\Tools\MSVC\14.34.31933\include\xstring(5294,17): message : see declaration of 'std::basic_string<char,std::char_traits<char>,std::allocator<char>>'
C:\gProj\Cpp\OGRE3DGAME\OGRE3DGAME\include\OGRE\OgreShaderFunction.h(266,25): warning C4251: 'Ogre::RTShader::Function::mInputParameters': class 'std::vector<Ogre::RTShader::ParameterPtr,std::allocator<Ogre::RTShader::ParameterPtr>>' needs to have dll-interface to be used by clients of class 'Ogre::RTShader::Function'
C:\gProj\Cpp\OGRE3DGAME\OGRE3DGAME\include\OGRE\OgreShaderPrerequisites.h(77,14): message : see declaration of 'std::vector<Ogre::RTShader::ParameterPtr,std::allocator<Ogre::RTShader::ParameterPtr>>'
C:\gProj\Cpp\OGRE3DGAME\OGRE3DGAME\include\OGRE\OgreShaderFunction.h(268,25): warning C4251: 'Ogre::RTShader::Function::mOutputParameters': class 'std::vector<Ogre::RTShader::ParameterPtr,std::allocator<Ogre::RTShader::ParameterPtr>>' needs to have dll-interface to be used by clients of class 'Ogre::RTShader::Function'
C:\gProj\Cpp\OGRE3DGAME\OGRE3DGAME\include\OGRE\OgreShaderPrerequisites.h(77,14): message : see declaration of 'std::vector<Ogre::RTShader::ParameterPtr,std::allocator<Ogre::RTShader::ParameterPtr>>'
C:\gProj\Cpp\OGRE3DGAME\OGRE3DGAME\include\OGRE\OgreShaderFunction.h(270,25): warning C4251: 'Ogre::RTShader::Function::mLocalParameters': class 'std::vector<Ogre::RTShader::ParameterPtr,std::allocator<Ogre::RTShader::ParameterPtr>>' needs to have dll-interface to be used by clients of class 'Ogre::RTShader::Function'
C:\gProj\Cpp\OGRE3DGAME\OGRE3DGAME\include\OGRE\OgreShaderPrerequisites.h(77,14): message : see declaration of 'std::vector<Ogre::RTShader::ParameterPtr,std::allocator<Ogre::RTShader::ParameterPtr>>'
C:\gProj\Cpp\OGRE3DGAME\OGRE3DGAME\include\OGRE\OgreShaderFunction.h(272,48): warning C4251: 'Ogre::RTShader::Function::mAtomInstances': class 'std::map<size_t,Ogre::RTShader::FunctionAtomInstanceList,std::less<size_t>,std::allocator<std::pair<const size_t,Ogre::RTShader::FunctionAtomInstanceList>>>' needs to have dll-interface to be used by clients of class 'Ogre::RTShader::Function'
C:\gProj\Cpp\OGRE3DGAME\OGRE3DGAME\include\OGRE\OgreShaderFunction.h(272,10): message : see declaration of 'std::map<size_t,Ogre::RTShader::FunctionAtomInstanceList,std::less<size_t>,std::allocator<std::pair<const size_t,Ogre::RTShader::FunctionAtomInstanceList>>>'
C:\gProj\Cpp\OGRE3DGAME\OGRE3DGAME\include\OGRE\OgreShaderFunction.h(273,30): warning C4251: 'Ogre::RTShader::Function::mSortedAtomInstances': class 'std::vector<Ogre::RTShader::FunctionAtom *,std::allocator<Ogre::RTShader::FunctionAtom *>>' needs to have dll-interface to be used by clients of class 'Ogre::RTShader::Function'
C:\gProj\Cpp\OGRE3DGAME\OGRE3DGAME\include\OGRE\OgreShaderFunctionAtom.h(329,14): message : see declaration of 'std::vector<Ogre::RTShader::FunctionAtom *,std::allocator<Ogre::RTShader::FunctionAtom *>>'
C:\gProj\Cpp\OGRE3DGAME\OGRE3DGAME\include\OGRE\OgreShaderFFPTransform.h(83,19): warning C4251: 'Ogre::RTShader::FFPTransform::Type': class 'std::basic_string<char,std::char_traits<char>,std::allocator<char>>' needs to have dll-interface to be used by clients of class 'Ogre::RTShader::FFPTransform'
C:\Program Files\Microsoft Visual Studio\2022\Enterprise\VC\Tools\MSVC\14.34.31933\include\xstring(5294,17): message : see declaration of 'std::basic_string<char,std::char_traits<char>,std::allocator<char>>'
C:\gProj\Cpp\OGRE3DGAME\OGRE3DGAME\include\OGRE\OgreShaderExIntegratedPSSM3.h(94,19): warning C4251: 'Ogre::RTShader::IntegratedPSSM3::Type': class 'std::basic_string<char,std::char_traits<char>,std::allocator<char>>' needs to have dll-interface to be used by clients of class 'Ogre::RTShader::IntegratedPSSM3'
C:\Program Files\Microsoft Visual Studio\2022\Enterprise\VC\Tools\MSVC\14.34.31933\include\xstring(5294,17): message : see declaration of 'std::basic_string<char,std::char_traits<char>,std::allocator<char>>'
C:\gProj\Cpp\OGRE3DGAME\OGRE3DGAME\include\OGRE\OgreShaderExIntegratedPSSM3.h(107,29): warning C4251: 'Ogre::RTShader::IntegratedPSSM3::ShadowTextureParams::mTextureSampler': class 'std::shared_ptr<Ogre::RTShader::UniformParameter>' needs to have dll-interface to be used by clients of struct 'Ogre::RTShader::IntegratedPSSM3::ShadowTextureParams'
C:\gProj\Cpp\OGRE3DGAME\OGRE3DGAME\include\OGRE\OgreShaderPrerequisites.h(76,9): message : see declaration of 'std::shared_ptr<Ogre::RTShader::UniformParameter>'
C:\gProj\Cpp\OGRE3DGAME\OGRE3DGAME\include\OGRE\OgreShaderExIntegratedPSSM3.h(109,29): warning C4251: 'Ogre::RTShader::IntegratedPSSM3::ShadowTextureParams::mInvTextureSize': class 'std::shared_ptr<Ogre::RTShader::UniformParameter>' needs to have dll-interface to be used by clients of struct 'Ogre::RTShader::IntegratedPSSM3::ShadowTextureParams'
C:\gProj\Cpp\OGRE3DGAME\OGRE3DGAME\include\OGRE\OgreShaderPrerequisites.h(76,9): message : see declaration of 'std::shared_ptr<Ogre::RTShader::UniformParameter>'
C:\gProj\Cpp\OGRE3DGAME\OGRE3DGAME\include\OGRE\OgreShaderExIntegratedPSSM3.h(111,29): warning C4251: 'Ogre::RTShader::IntegratedPSSM3::ShadowTextureParams::mWorldViewProjMatrix': class 'std::shared_ptr<Ogre::RTShader::UniformParameter>' needs to have dll-interface to be used by clients of struct 'Ogre::RTShader::IntegratedPSSM3::ShadowTextureParams'
C:\gProj\Cpp\OGRE3DGAME\OGRE3DGAME\include\OGRE\OgreShaderPrerequisites.h(76,9): message : see declaration of 'std::shared_ptr<Ogre::RTShader::UniformParameter>'
C:\gProj\Cpp\OGRE3DGAME\OGRE3DGAME\include\OGRE\OgreShaderExIntegratedPSSM3.h(113,22): warning C4251: 'Ogre::RTShader::IntegratedPSSM3::ShadowTextureParams::mVSOutLightPosition': class 'std::shared_ptr<Ogre::RTShader::Parameter>' needs to have dll-interface to be used by clients of struct 'Ogre::RTShader::IntegratedPSSM3::ShadowTextureParams'
C:\gProj\Cpp\OGRE3DGAME\OGRE3DGAME\include\OGRE\OgreShaderPrerequisites.h(75,9): message : see declaration of 'std::shared_ptr<Ogre::RTShader::Parameter>'
C:\gProj\Cpp\OGRE3DGAME\OGRE3DGAME\include\OGRE\OgreShaderExIntegratedPSSM3.h(115,22): warning C4251: 'Ogre::RTShader::IntegratedPSSM3::ShadowTextureParams::mPSInLightPosition': class 'std::shared_ptr<Ogre::RTShader::Parameter>' needs to have dll-interface to be used by clients of struct 'Ogre::RTShader::IntegratedPSSM3::ShadowTextureParams'
C:\gProj\Cpp\OGRE3DGAME\OGRE3DGAME\include\OGRE\OgreShaderPrerequisites.h(75,9): message : see declaration of 'std::shared_ptr<Ogre::RTShader::Parameter>'
C:\gProj\Cpp\OGRE3DGAME\OGRE3DGAME\include\OGRE\OgreShaderExIntegratedPSSM3.h(160,29): warning C4251: 'Ogre::RTShader::IntegratedPSSM3::mShadowTextureParamsList': class 'std::vector<Ogre::RTShader::IntegratedPSSM3::ShadowTextureParams,std::allocator<Ogre::RTShader::IntegratedPSSM3::ShadowTextureParams>>' needs to have dll-interface to be used by clients of class 'Ogre::RTShader::IntegratedPSSM3'
C:\gProj\Cpp\OGRE3DGAME\OGRE3DGAME\include\OGRE\OgreShaderExIntegratedPSSM3.h(119,18): message : see declaration of 'std::vector<Ogre::RTShader::IntegratedPSSM3::ShadowTextureParams,std::allocator<Ogre::RTShader::IntegratedPSSM3::ShadowTextureParams>>'
C:\gProj\Cpp\OGRE3DGAME\OGRE3DGAME\include\OGRE\OgreShaderExIntegratedPSSM3.h(162,25): warning C4251: 'Ogre::RTShader::IntegratedPSSM3::mPSSplitPoints': class 'std::shared_ptr<Ogre::RTShader::UniformParameter>' needs to have dll-interface to be used by clients of class 'Ogre::RTShader::IntegratedPSSM3'
C:\gProj\Cpp\OGRE3DGAME\OGRE3DGAME\include\OGRE\OgreShaderPrerequisites.h(76,9): message : see declaration of 'std::shared_ptr<Ogre::RTShader::UniformParameter>'
C:\gProj\Cpp\OGRE3DGAME\OGRE3DGAME\include\OGRE\OgreShaderExIntegratedPSSM3.h(164,18): warning C4251: 'Ogre::RTShader::IntegratedPSSM3::mVSInPos': class 'std::shared_ptr<Ogre::RTShader::Parameter>' needs to have dll-interface to be used by clients of class 'Ogre::RTShader::IntegratedPSSM3'
C:\gProj\Cpp\OGRE3DGAME\OGRE3DGAME\include\OGRE\OgreShaderPrerequisites.h(75,9): message : see declaration of 'std::shared_ptr<Ogre::RTShader::Parameter>'
C:\gProj\Cpp\OGRE3DGAME\OGRE3DGAME\include\OGRE\OgreShaderExIntegratedPSSM3.h(166,18): warning C4251: 'Ogre::RTShader::IntegratedPSSM3::mVSOutPos': class 'std::shared_ptr<Ogre::RTShader::Parameter>' needs to have dll-interface to be used by clients of class 'Ogre::RTShader::IntegratedPSSM3'
C:\gProj\Cpp\OGRE3DGAME\OGRE3DGAME\include\OGRE\OgreShaderPrerequisites.h(75,9): message : see declaration of 'std::shared_ptr<Ogre::RTShader::Parameter>'
C:\gProj\Cpp\OGRE3DGAME\OGRE3DGAME\include\OGRE\OgreShaderExIntegratedPSSM3.h(168,18): warning C4251: 'Ogre::RTShader::IntegratedPSSM3::mVSOutDepth': class 'std::shared_ptr<Ogre::RTShader::Parameter>' needs to have dll-interface to be used by clients of class 'Ogre::RTShader::IntegratedPSSM3'
C:\gProj\Cpp\OGRE3DGAME\OGRE3DGAME\include\OGRE\OgreShaderPrerequisites.h(75,9): message : see declaration of 'std::shared_ptr<Ogre::RTShader::Parameter>'
C:\gProj\Cpp\OGRE3DGAME\OGRE3DGAME\include\OGRE\OgreShaderExIntegratedPSSM3.h(170,18): warning C4251: 'Ogre::RTShader::IntegratedPSSM3::mPSInDepth': class 'std::shared_ptr<Ogre::RTShader::Parameter>' needs to have dll-interface to be used by clients of class 'Ogre::RTShader::IntegratedPSSM3'
C:\gProj\Cpp\OGRE3DGAME\OGRE3DGAME\include\OGRE\OgreShaderPrerequisites.h(75,9): message : see declaration of 'std::shared_ptr<Ogre::RTShader::Parameter>'
C:\gProj\Cpp\OGRE3DGAME\OGRE3DGAME\include\OGRE\OgreShaderExIntegratedPSSM3.h(172,18): warning C4251: 'Ogre::RTShader::IntegratedPSSM3::mPSLocalShadowFactor': class 'std::shared_ptr<Ogre::RTShader::Parameter>' needs to have dll-interface to be used by clients of class 'Ogre::RTShader::IntegratedPSSM3'
C:\gProj\Cpp\OGRE3DGAME\OGRE3DGAME\include\OGRE\OgreShaderPrerequisites.h(75,9): message : see declaration of 'std::shared_ptr<Ogre::RTShader::Parameter>'
C:\gProj\Cpp\OGRE3DGAME\OGRE3DGAME\include\OGRE\OgreShaderFFPTexturing.h(82,19): warning C4251: 'Ogre::RTShader::FFPTexturing::Type': class 'std::basic_string<char,std::char_traits<char>,std::allocator<char>>' needs to have dll-interface to be used by clients of class 'Ogre::RTShader::FFPTexturing'
C:\Program Files\Microsoft Visual Studio\2022\Enterprise\VC\Tools\MSVC\14.34.31933\include\xstring(5294,17): message : see declaration of 'std::basic_string<char,std::char_traits<char>,std::allocator<char>>'
C:\gProj\Cpp\OGRE3DGAME\OGRE3DGAME\include\OGRE\OgreShaderFFPTexturing.h(103,29): warning C4251: 'Ogre::RTShader::FFPTexturing::TextureUnitParams::mTextureMatrix': class 'std::shared_ptr<Ogre::RTShader::UniformParameter>' needs to have dll-interface to be used by clients of struct 'Ogre::RTShader::FFPTexturing::TextureUnitParams'
C:\gProj\Cpp\OGRE3DGAME\OGRE3DGAME\include\OGRE\OgreShaderPrerequisites.h(76,9): message : see declaration of 'std::shared_ptr<Ogre::RTShader::UniformParameter>'
C:\gProj\Cpp\OGRE3DGAME\OGRE3DGAME\include\OGRE\OgreShaderFFPTexturing.h(105,29): warning C4251: 'Ogre::RTShader::FFPTexturing::TextureUnitParams::mTextureViewProjImageMatrix': class 'std::shared_ptr<Ogre::RTShader::UniformParameter>' needs to have dll-interface to be used by clients of struct 'Ogre::RTShader::FFPTexturing::TextureUnitParams'
C:\gProj\Cpp\OGRE3DGAME\OGRE3DGAME\include\OGRE\OgreShaderPrerequisites.h(76,9): message : see declaration of 'std::shared_ptr<Ogre::RTShader::UniformParameter>'
C:\gProj\Cpp\OGRE3DGAME\OGRE3DGAME\include\OGRE\OgreShaderFFPTexturing.h(107,29): warning C4251: 'Ogre::RTShader::FFPTexturing::TextureUnitParams::mTextureSampler': class 'std::shared_ptr<Ogre::RTShader::UniformParameter>' needs to have dll-interface to be used by clients of struct 'Ogre::RTShader::FFPTexturing::TextureUnitParams'
C:\gProj\Cpp\OGRE3DGAME\OGRE3DGAME\include\OGRE\OgreShaderPrerequisites.h(76,9): message : see declaration of 'std::shared_ptr<Ogre::RTShader::UniformParameter>'
C:\gProj\Cpp\OGRE3DGAME\OGRE3DGAME\include\OGRE\OgreShaderFFPTexturing.h(109,22): warning C4251: 'Ogre::RTShader::FFPTexturing::TextureUnitParams::mVSInputTexCoord': class 'std::shared_ptr<Ogre::RTShader::Parameter>' needs to have dll-interface to be used by clients of struct 'Ogre::RTShader::FFPTexturing::TextureUnitParams'
C:\gProj\Cpp\OGRE3DGAME\OGRE3DGAME\include\OGRE\OgreShaderPrerequisites.h(75,9): message : see declaration of 'std::shared_ptr<Ogre::RTShader::Parameter>'
C:\gProj\Cpp\OGRE3DGAME\OGRE3DGAME\include\OGRE\OgreShaderFFPTexturing.h(111,22): warning C4251: 'Ogre::RTShader::FFPTexturing::TextureUnitParams::mVSOutputTexCoord': class 'std::shared_ptr<Ogre::RTShader::Parameter>' needs to have dll-interface to be used by clients of struct 'Ogre::RTShader::FFPTexturing::TextureUnitParams'
C:\gProj\Cpp\OGRE3DGAME\OGRE3DGAME\include\OGRE\OgreShaderPrerequisites.h(75,9): message : see declaration of 'std::shared_ptr<Ogre::RTShader::Parameter>'
C:\gProj\Cpp\OGRE3DGAME\OGRE3DGAME\include\OGRE\OgreShaderFFPTexturing.h(113,22): warning C4251: 'Ogre::RTShader::FFPTexturing::TextureUnitParams::mPSInputTexCoord': class 'std::shared_ptr<Ogre::RTShader::Parameter>' needs to have dll-interface to be used by clients of struct 'Ogre::RTShader::FFPTexturing::TextureUnitParams'
C:\gProj\Cpp\OGRE3DGAME\OGRE3DGAME\include\OGRE\OgreShaderPrerequisites.h(75,9): message : see declaration of 'std::shared_ptr<Ogre::RTShader::Parameter>'
C:\gProj\Cpp\OGRE3DGAME\OGRE3DGAME\include\OGRE\OgreShaderFFPTexturing.h(208,27): warning C4251: 'Ogre::RTShader::FFPTexturing::mTextureUnitParamsList': class 'std::vector<Ogre::RTShader::FFPTexturing::TextureUnitParams,std::allocator<Ogre::RTShader::FFPTexturing::TextureUnitParams>>' needs to have dll-interface to be used by clients of class 'Ogre::RTShader::FFPTexturing'
C:\gProj\Cpp\OGRE3DGAME\OGRE3DGAME\include\OGRE\OgreShaderFFPTexturing.h(116,18): message : see declaration of 'std::vector<Ogre::RTShader::FFPTexturing::TextureUnitParams,std::allocator<Ogre::RTShader::FFPTexturing::TextureUnitParams>>'
C:\gProj\Cpp\OGRE3DGAME\OGRE3DGAME\include\OGRE\OgreShaderFFPTexturing.h(210,25): warning C4251: 'Ogre::RTShader::FFPTexturing::mWorldMatrix': class 'std::shared_ptr<Ogre::RTShader::UniformParameter>' needs to have dll-interface to be used by clients of class 'Ogre::RTShader::FFPTexturing'
C:\gProj\Cpp\OGRE3DGAME\OGRE3DGAME\include\OGRE\OgreShaderPrerequisites.h(76,9): message : see declaration of 'std::shared_ptr<Ogre::RTShader::UniformParameter>'
C:\gProj\Cpp\OGRE3DGAME\OGRE3DGAME\include\OGRE\OgreShaderFFPTexturing.h(212,25): warning C4251: 'Ogre::RTShader::FFPTexturing::mWorldITMatrix': class 'std::shared_ptr<Ogre::RTShader::UniformParameter>' needs to have dll-interface to be used by clients of class 'Ogre::RTShader::FFPTexturing'
C:\gProj\Cpp\OGRE3DGAME\OGRE3DGAME\include\OGRE\OgreShaderPrerequisites.h(76,9): message : see declaration of 'std::shared_ptr<Ogre::RTShader::UniformParameter>'
C:\gProj\Cpp\OGRE3DGAME\OGRE3DGAME\include\OGRE\OgreShaderFFPTexturing.h(214,25): warning C4251: 'Ogre::RTShader::FFPTexturing::mViewMatrix': class 'std::shared_ptr<Ogre::RTShader::UniformParameter>' needs to have dll-interface to be used by clients of class 'Ogre::RTShader::FFPTexturing'
C:\gProj\Cpp\OGRE3DGAME\OGRE3DGAME\include\OGRE\OgreShaderPrerequisites.h(76,9): message : see declaration of 'std::shared_ptr<Ogre::RTShader::UniformParameter>'
C:\gProj\Cpp\OGRE3DGAME\OGRE3DGAME\include\OGRE\OgreShaderFFPTexturing.h(216,18): warning C4251: 'Ogre::RTShader::FFPTexturing::mVSInputNormal': class 'std::shared_ptr<Ogre::RTShader::Parameter>' needs to have dll-interface to be used by clients of class 'Ogre::RTShader::FFPTexturing'
C:\gProj\Cpp\OGRE3DGAME\OGRE3DGAME\include\OGRE\OgreShaderPrerequisites.h(75,9): message : see declaration of 'std::shared_ptr<Ogre::RTShader::Parameter>'
C:\gProj\Cpp\OGRE3DGAME\OGRE3DGAME\include\OGRE\OgreShaderFFPTexturing.h(218,18): warning C4251: 'Ogre::RTShader::FFPTexturing::mVSInputPos': class 'std::shared_ptr<Ogre::RTShader::Parameter>' needs to have dll-interface to be used by clients of class 'Ogre::RTShader::FFPTexturing'
C:\gProj\Cpp\OGRE3DGAME\OGRE3DGAME\include\OGRE\OgreShaderPrerequisites.h(75,9): message : see declaration of 'std::shared_ptr<Ogre::RTShader::Parameter>'
C:\gProj\Cpp\OGRE3DGAME\OGRE3DGAME\include\OGRE\OgreShaderFFPTexturing.h(220,18): warning C4251: 'Ogre::RTShader::FFPTexturing::mPSOutDiffuse': class 'std::shared_ptr<Ogre::RTShader::Parameter>' needs to have dll-interface to be used by clients of class 'Ogre::RTShader::FFPTexturing'
C:\gProj\Cpp\OGRE3DGAME\OGRE3DGAME\include\OGRE\OgreShaderPrerequisites.h(75,9): message : see declaration of 'std::shared_ptr<Ogre::RTShader::Parameter>'
C:\gProj\Cpp\OGRE3DGAME\OGRE3DGAME\include\OGRE\OgreShaderFFPTexturing.h(222,18): warning C4251: 'Ogre::RTShader::FFPTexturing::mPSDiffuse': class 'std::shared_ptr<Ogre::RTShader::Parameter>' needs to have dll-interface to be used by clients of class 'Ogre::RTShader::FFPTexturing'
C:\gProj\Cpp\OGRE3DGAME\OGRE3DGAME\include\OGRE\OgreShaderPrerequisites.h(75,9): message : see declaration of 'std::shared_ptr<Ogre::RTShader::Parameter>'
C:\gProj\Cpp\OGRE3DGAME\OGRE3DGAME\include\OGRE\OgreShaderFFPTexturing.h(224,18): warning C4251: 'Ogre::RTShader::FFPTexturing::mPSSpecular': class 'std::shared_ptr<Ogre::RTShader::Parameter>' needs to have dll-interface to be used by clients of class 'Ogre::RTShader::FFPTexturing'
C:\gProj\Cpp\OGRE3DGAME\OGRE3DGAME\include\OGRE\OgreShaderPrerequisites.h(75,9): message : see declaration of 'std::shared_ptr<Ogre::RTShader::Parameter>'
C:\gProj\Cpp\OGRE3DGAME\OGRE3DGAME\include\OGRE\OgreShaderExLayeredBlending.h(154,19): warning C4251: 'Ogre::RTShader::LayeredBlending::Type': class 'std::basic_string<char,std::char_traits<char>,std::allocator<char>>' needs to have dll-interface to be used by clients of class 'Ogre::RTShader::LayeredBlending'
C:\Program Files\Microsoft Visual Studio\2022\Enterprise\VC\Tools\MSVC\14.34.31933\include\xstring(5294,17): message : see declaration of 'std::basic_string<char,std::char_traits<char>,std::allocator<char>>'
C:\gProj\Cpp\OGRE3DGAME\OGRE3DGAME\include\OGRE\OgreShaderExLayeredBlending.h(191,31): warning C4251: 'Ogre::RTShader::LayeredBlending::mTextureBlends': class 'std::vector<Ogre::RTShader::LayeredBlending::TextureBlend,std::allocator<Ogre::RTShader::LayeredBlending::TextureBlend>>' needs to have dll-interface to be used by clients of class 'Ogre::RTShader::LayeredBlending'
C:\gProj\Cpp\OGRE3DGAME\OGRE3DGAME\include\OGRE\OgreShaderExLayeredBlending.h(191,10): message : see declaration of 'std::vector<Ogre::RTShader::LayeredBlending::TextureBlend,std::allocator<Ogre::RTShader::LayeredBlending::TextureBlend>>'
C:\gProj\Cpp\OGRE3DGAME\OGRE3DGAME\include\OGRE\OgreShaderExHardwareSkinning.h(151,19): warning C4251: 'Ogre::RTShader::HardwareSkinning::Type': class 'std::basic_string<char,std::char_traits<char>,std::allocator<char>>' needs to have dll-interface to be used by clients of class 'Ogre::RTShader::HardwareSkinning'
C:\Program Files\Microsoft Visual Studio\2022\Enterprise\VC\Tools\MSVC\14.34.31933\include\xstring(5294,17): message : see declaration of 'std::basic_string<char,std::char_traits<char>,std::allocator<char>>'
C:\gProj\Cpp\OGRE3DGAME\OGRE3DGAME\include\OGRE\OgreShaderExHardwareSkinning.h(170,31): warning C4251: 'Ogre::RTShader::HardwareSkinning::mLinear': class 'Ogre::SharedPtr<Ogre::RTShader::LinearSkinning>' needs to have dll-interface to be used by clients of class 'Ogre::RTShader::HardwareSkinning'
C:\gProj\Cpp\OGRE3DGAME\OGRE3DGAME\include\OGRE\OgreShaderExHardwareSkinning.h(170,5): message : see declaration of 'Ogre::SharedPtr<Ogre::RTShader::LinearSkinning>'
C:\gProj\Cpp\OGRE3DGAME\OGRE3DGAME\include\OGRE\OgreShaderExHardwareSkinning.h(171,39): warning C4251: 'Ogre::RTShader::HardwareSkinning::mDualQuat': class 'Ogre::SharedPtr<Ogre::RTShader::DualQuaternionSkinning>' needs to have dll-interface to be used by clients of class 'Ogre::RTShader::HardwareSkinning'
C:\gProj\Cpp\OGRE3DGAME\OGRE3DGAME\include\OGRE\OgreShaderExHardwareSkinning.h(171,5): message : see declaration of 'Ogre::SharedPtr<Ogre::RTShader::DualQuaternionSkinning>'
C:\gProj\Cpp\OGRE3DGAME\OGRE3DGAME\include\OGRE\OgreShaderExHardwareSkinning.h(172,42): warning C4251: 'Ogre::RTShader::HardwareSkinning::mActiveTechnique': class 'Ogre::SharedPtr<Ogre::RTShader::HardwareSkinningTechnique>' needs to have dll-interface to be used by clients of class 'Ogre::RTShader::HardwareSkinning'
C:\gProj\Cpp\OGRE3DGAME\OGRE3DGAME\include\OGRE\OgreShaderExHardwareSkinning.h(172,5): message : see declaration of 'Ogre::SharedPtr<Ogre::RTShader::HardwareSkinningTechnique>'
C:\gProj\Cpp\OGRE3DGAME\OGRE3DGAME\include\OGRE\OgreShaderExHardwareSkinning.h(320,17): warning C4251: 'Ogre::RTShader::HardwareSkinningFactory::mCustomShadowCasterMaterialsLinear': class 'Ogre::SharedPtr<Ogre::Material>' needs to have dll-interface to be used by clients of class 'Ogre::RTShader::HardwareSkinningFactory'
C:\gProj\Cpp\OGRE3DGAME\OGRE3DGAME\include\OGRE\OgrePrerequisites.h(284,13): message : see declaration of 'Ogre::SharedPtr<Ogre::Material>'
C:\gProj\Cpp\OGRE3DGAME\OGRE3DGAME\include\OGRE\OgreShaderExHardwareSkinning.h(321,17): warning C4251: 'Ogre::RTShader::HardwareSkinningFactory::mCustomShadowCasterMaterialsDualQuaternion': class 'Ogre::SharedPtr<Ogre::Material>' needs to have dll-interface to be used by clients of class 'Ogre::RTShader::HardwareSkinningFactory'
C:\gProj\Cpp\OGRE3DGAME\OGRE3DGAME\include\OGRE\OgrePrerequisites.h(284,13): message : see declaration of 'Ogre::SharedPtr<Ogre::Material>'
C:\gProj\Cpp\OGRE3DGAME\OGRE3DGAME\include\OGRE\OgreShaderExHardwareSkinning.h(324,17): warning C4251: 'Ogre::RTShader::HardwareSkinningFactory::mCustomShadowReceiverMaterialsLinear': class 'Ogre::SharedPtr<Ogre::Material>' needs to have dll-interface to be used by clients of class 'Ogre::RTShader::HardwareSkinningFactory'
C:\gProj\Cpp\OGRE3DGAME\OGRE3DGAME\include\OGRE\OgrePrerequisites.h(284,13): message : see declaration of 'Ogre::SharedPtr<Ogre::Material>'
C:\gProj\Cpp\OGRE3DGAME\OGRE3DGAME\include\OGRE\OgreShaderExHardwareSkinning.h(325,17): warning C4251: 'Ogre::RTShader::HardwareSkinningFactory::mCustomShadowReceiverMaterialsDualQuaternion': class 'Ogre::SharedPtr<Ogre::Material>' needs to have dll-interface to be used by clients of class 'Ogre::RTShader::HardwareSkinningFactory'
C:\gProj\Cpp\OGRE3DGAME\OGRE3DGAME\include\OGRE\OgrePrerequisites.h(284,13): message : see declaration of 'Ogre::SharedPtr<Ogre::Material>'
C:\gProj\Cpp\OGRE3DGAME\OGRE3DGAME\include\OGRE\OgreSGTechniqueResolverListener.h(46,93): warning C4275: non dll-interface class 'Ogre::MaterialManager::Listener' used as base for dll-interface class 'OgreBites::SGTechniqueResolverListener'
C:\gProj\Cpp\OGRE3DGAME\OGRE3DGAME\include\OGRE\OgreMaterialManager.h(82,15): message : see declaration of 'Ogre::MaterialManager::Listener'
C:\gProj\Cpp\OGRE3DGAME\OGRE3DGAME\include\OGRE\OgreSGTechniqueResolverListener.h(46,24): message : see declaration of 'OgreBites::SGTechniqueResolverListener'
C:\gProj\Cpp\OGRE3DGAME\OGRE3DGAME\include\OGRE\OgreInput.h(200,33): warning C4251: 'OgreBites::InputListenerChain::mListenerChain': class 'std::vector<OgreBites::InputListener *,std::allocator<OgreBites::InputListener *>>' needs to have dll-interface to be used by clients of class 'OgreBites::InputListenerChain'
C:\gProj\Cpp\OGRE3DGAME\OGRE3DGAME\include\OGRE\OgreInput.h(200,10): message : see declaration of 'std::vector<OgreBites::InputListener *,std::allocator<OgreBites::InputListener *>>'
C:\gProj\Cpp\OGRE3DGAME\OGRE3DGAME\include\OGRE\OgreApplicationContextBase.h(298,22): warning C4251: 'OgreBites::ApplicationContextBase::mNextRenderer': class 'std::basic_string<char,std::char_traits<char>,std::allocator<char>>' needs to have dll-interface to be used by clients of class 'OgreBites::ApplicationContextBase'
C:\Program Files\Microsoft Visual Studio\2022\Enterprise\VC\Tools\MSVC\14.34.31933\include\xstring(5294,17): message : see declaration of 'std::basic_string<char,std::char_traits<char>,std::allocator<char>>'
C:\gProj\Cpp\OGRE3DGAME\OGRE3DGAME\include\OGRE\OgreApplicationContextBase.h(299,22): warning C4251: 'OgreBites::ApplicationContextBase::mAppName': class 'std::basic_string<char,std::char_traits<char>,std::allocator<char>>' needs to have dll-interface to be used by clients of class 'OgreBites::ApplicationContextBase'
C:\Program Files\Microsoft Visual Studio\2022\Enterprise\VC\Tools\MSVC\14.34.31933\include\xstring(5294,17): message : see declaration of 'std::basic_string<char,std::char_traits<char>,std::allocator<char>>'
C:\gProj\Cpp\OGRE3DGAME\OGRE3DGAME\include\OGRE\OgreApplicationContextBase.h(302,20): warning C4251: 'OgreBites::ApplicationContextBase::mWindows': class 'std::vector<OgreBites::NativeWindowPair,std::allocator<OgreBites::NativeWindowPair>>' needs to have dll-interface to be used by clients of class 'OgreBites::ApplicationContextBase'
C:\gProj\Cpp\OGRE3DGAME\OGRE3DGAME\include\OGRE\OgreApplicationContextBase.h(301,22): message : see declaration of 'std::vector<OgreBites::NativeWindowPair,std::allocator<OgreBites::NativeWindowPair>>'
C:\gProj\Cpp\OGRE3DGAME\OGRE3DGAME\include\OGRE\OgreApplicationContextBase.h(305,27): warning C4251: 'OgreBites::ApplicationContextBase::mInputListeners': class 'std::set<std::pair<uint32_t,OgreBites::InputListener *>,std::less<std::pair<uint32_t,OgreBites::InputListener *>>,std::allocator<std::pair<uint32_t,OgreBites::InputListener *>>>' needs to have dll-interface to be used by clients of class 'OgreBites::ApplicationContextBase'
C:\gProj\Cpp\OGRE3DGAME\OGRE3DGAME\include\OGRE\OgreApplicationContextBase.h(304,22): message : see declaration of 'std::set<std::pair<uint32_t,OgreBites::InputListener *>,std::less<std::pair<uint32_t,OgreBites::InputListener *>>,std::allocator<std::pair<uint32_t,OgreBites::InputListener *>>>'
C:\gProj\Cpp\OGRE3DGAME\OGRE3DGAME\include\OGRE\OgreCameraMan.h(165,23): warning C4251: 'OgreBites::CameraMan::mVelocity': class 'Ogre::Vector<3,Ogre::Real>' needs to have dll-interface to be used by clients of class 'OgreBites::CameraMan'
C:\gProj\Cpp\OGRE3DGAME\OGRE3DGAME\include\OGRE\OgrePrerequisites.h(245,13): message : see declaration of 'Ogre::Vector<3,Ogre::Real>'
C:\gProj\Cpp\OGRE3DGAME\OGRE3DGAME\include\OGRE\OgreCameraMan.h(173,23): warning C4251: 'OgreBites::CameraMan::mOffset': class 'Ogre::Vector<3,Ogre::Real>' needs to have dll-interface to be used by clients of class 'OgreBites::CameraMan'
C:\gProj\Cpp\OGRE3DGAME\OGRE3DGAME\include\OGRE\OgrePrerequisites.h(245,13): message : see declaration of 'Ogre::Vector<3,Ogre::Real>'
C:\gProj\Cpp\OGRE3DGAME\OGRE3DGAME\src\main.cpp(70,5): warning C4065: switch statement contains 'default' but no 'case' labels
  Generating code
  6 of 104 functions ( 5.8%) were compiled, the rest were copied from previous compilation.
    1 functions were new in current compilation
    7 functions had inline decision re-evaluated but remain unchanged
  Finished generating code
  OGRE3DGAME.vcxproj -> C:\gProj\Cpp\OGRE3DGAME\OGRE3DGAME\x64\Release\OGRE3DGAME.exe
